2022-11-14 11:58:43 56 0 0 2975 2107 2163 24 88 ok
2022-11-14 11:58:41 56 0 0 3056 2112 2115 23 88 ok
2022-11-14 11:58:39 56 0 0 3073 2097 2099 23 88 ok
2022-11-14 11:58:38 56 0 0 3048 2102 2099 22 88 ok
2022-11-14 11:58:36 56 0 0 3069 2100 2131 22 88 ok
2022-11-14 11:58:34 56 0 0 3028 2047 2115 21 88 ok
2022-11-14 11:58:32 56 0 0 3091 2047 2131 21 88 ok
2022-11-14 11:58:30 56 0 0 3060 2058 2099 20 88 ok
2022-11-14 11:58:29 56 0 0 3029 2231 2211 20 88 ok
2022-11-14 11:58:27 56 0 0 3058 2060 2083 19 88 ok
2022-11-14 11:58:25 56 0 0 2891 1940 2115 19 88 ok
2022-11-14 11:58:23 56 0 0 3025 2081 2115 18 88 ok
2022-11-14 11:58:21 56 0 0 3105 1976 2083 18 88 ok
2022-11-14 11:58:19 56 0 0 3061 2109 2067 17 88 ok
2022-11-14 11:58:17 56 0 0 3063 2146 2099 17 88 ok
2022-11-14 11:58:16 56 0 0 3056 2092 2067 16 88 ok
2022-11-14 11:58:14 56 0 0 3052 2072 2067 16 88 ok
2022-11-14 11:58:12 56 0 0 3046 2072 2067 15 88 ok
2022-11-14 11:58:10 56 0 0 3038 2060 2067 15 88 ok
2022-11-14 11:58:08 56 0 0 3051 2071 2051 14 88 ok
2022-11-14 11:58:07 56 0 0 3090 2095 2035 14 88 ok
2022-11-14 11:58:05 56 0 0 3086 2052 2019 13 88 ok
2022-11-14 11:58:03 56 0 0 3088 2036 2019 13 88 ok
2022-11-14 11:58:01 56 0 0 3064 2049 2019 12 88 ok
2022-11-14 11:57:59 56 0 0 3060 2046 2019 12 88 ok
2022-11-14 11:57:57 56 0 0 3051 2057 2019 11 88 ok
2022-11-14 11:57:56 56 0 0 3052 2031 2019 11 88 ok
2022-11-14 11:57:54 56 0 0 3107 2076 2035 10 88 ok
2022-11-14 11:57:52 56 0 0 2996 2113 2019 10 88 ok
2022-11-14 11:57:50 56 0 0 3076 2088 2067 9 88 ok
2022-11-14 11:57:48 56 0 0 3064 2125 2163 9 88 ok
2022-11-14 11:57:46 56 0 0 3056 2058 2147 8 88 ok
2022-11-14 11:57:45 56 0 0 3059 2044 2163 8 88 ok
2022-11-14 11:57:43 56 0 0 3064 2067 2195 7 88 ok
2022-11-14 11:57:41 56 0 0 3049 2101 2131 7 88 ok
2022-11-14 11:57:36 56 0 0 3047 2095 2147 7 88 ok
2022-11-14 11:57:34 56 0 0 3065 2085 2131 6 88 ok
2022-11-14 11:57:32 56 0 0 3065 2130 2099 6 88 ok
2022-11-14 11:57:30 56 0 0 3054 2096 2099 5 88 ok
2022-11-14 11:57:28 56 0 0 3052 2130 2083 5 88 ok
2022-11-14 11:57:27 56 0 0 3058 2082 2083 4 88 ok
2022-11-14 11:57:25 56 0 0 3014 2040 2067 4 88 ok
2022-11-14 11:57:23 56 0 0 3043 2111 2035 3 88 ok
2022-11-14 11:57:21 56 0 0 3074 2115 2067 3 88 ok
2022-11-14 11:57:19 56 0 0 3028 2100 2019 2 88 ok
2022-11-14 11:57:18 56 0 0 3000 2092 2019 2 88 ok
2022-11-14 11:57:16 56 0 0 3069 1970 1971 1 88 ok
2022-11-14 11:57:14 56 0 0 3053 2058 1987 1 88 ok
2022-11-14 11:57:08 56 0 0 3065 2218 2115 0 88 ok
2022-11-14 11:56:25 56 0 0 1976 3094 2083 24 89 ok
2022-11-14 11:56:23 56 0 0 2002 3095 2115 23 89 ok
2022-11-14 11:56:22 56 0 0 1985 3089 2115 23 89 ok
2022-11-14 11:56:17 56 0 0 2001 3127 2147 23 89 ok
2022-11-14 11:56:15 56 0 0 1988 3095 2163 22 89 ok
2022-11-14 11:56:13 56 0 0 2039 3049 2131 22 89 ok
2022-11-14 11:56:12 56 0 0 1943 3126 2131 21 89 ok
2022-11-14 11:56:10 56 0 0 2081 3092 2115 21 89 ok
2022-11-14 11:56:08 56 0 0 2065 3050 2099 20 89 ok
2022-11-14 11:56:06 56 0 0 2033 3087 2115 20 89 ok
2022-11-14 11:56:04 56 0 0 2028 3096 2115 19 89 ok
2022-11-14 11:56:03 56 0 0 2030 3071 2099 19 89 ok
2022-11-14 11:56:01 56 0 0 2008 3093 2115 18 89 ok
2022-11-14 11:55:59 56 0 0 1982 3124 2131 18 89 ok
2022-11-14 11:55:57 56 0 0 1997 3085 2099 17 89 ok
2022-11-14 11:55:55 56 0 0 1970 3099 2115 17 89 ok
2022-11-14 11:55:53 56 0 0 1987 3100 2099 16 89 ok
2022-11-14 11:55:52 56 0 0 1991 3090 2099 16 89 ok
2022-11-14 11:55:50 56 0 0 1971 3052 2099 15 89 ok
2022-11-14 11:55:48 56 0 0 1955 3061 2099 15 89 ok
2022-11-14 11:55:47 56 0 0 1916 3066 2003 14 89 ok
2022-11-14 11:55:44 56 0 0 1817 3066 2067 14 89 ok
2022-11-14 11:55:42 56 0 0 1986 3065 2051 14 89 ok
2022-11-14 11:55:40 56 0 0 2007 3081 2035 13 89 ok
2022-11-14 11:55:38 56 0 0 1990 3092 2051 13 89 ok
2022-11-14 11:55:37 56 0 0 1983 3110 2051 12 89 ok
2022-11-14 11:55:35 56 0 0 1984 3090 2051 12 89 ok
2022-11-14 11:55:33 56 0 0 1989 3102 2051 11 89 ok
2022-11-14 11:55:31 56 0 0 2023 3093 2035 11 89 ok
2022-11-14 11:55:29 56 0 0 2002 3102 2051 10 89 ok
2022-11-14 11:55:27 56 0 0 2007 3083 2051 10 89 ok
2022-11-14 11:55:26 56 0 0 1984 3103 2035 9 89 ok
2022-11-14 11:55:24 56 0 0 1951 3056 2051 9 89 ok
2022-11-14 11:55:22 56 0 0 2012 3074 2035 8 89 ok
2022-11-14 11:55:20 56 0 0 1942 3069 2131 8 89 ok
2022-11-14 11:55:18 56 0 0 1968 3096 2083 7 89 ok
2022-11-14 11:55:17 56 0 0 1940 3179 2115 7 89 ok
2022-11-14 11:55:15 56 0 0 2015 3033 2051 6 89 ok
2022-11-14 11:55:13 56 0 0 2035 3057 2051 6 89 ok
2022-11-14 11:55:11 56 0 0 2078 3099 2035 5 89 ok
2022-11-14 11:55:09 56 0 0 2032 3068 2051 5 89 ok
2022-11-14 11:55:08 56 0 0 1940 3049 2083 4 89 ok
2022-11-14 11:55:06 56 0 0 2117 2976 2067 4 89 ok
2022-11-14 11:55:04 56 0 0 2028 3130 2099 3 89 ok
2022-11-14 11:55:02 56 0 0 1910 3072 2083 3 89 ok
2022-11-14 11:55:00 56 0 0 1900 3079 2051 2 89 ok
2022-11-14 11:54:58 56 0 0 1896 3092 2051 2 89 ok
2022-11-14 11:54:57 56 0 0 1892 3085 2067 1 89 ok
2022-11-14 11:54:56 56 0 0 1891 3100 2067 1 89 ok
2022-11-14 11:54:53 56 0 0 1985 3070 2051 0 89 ok
2022-11-14 11:54:51 56 0 0 1996 3074 2051 0 89 ok
2022-11-14 11:54:49 56 0 0 1984 1922 1043 24 122 ok
2022-11-14 11:54:28 56 0 0 1902 1868 1043 24 122 ok
2022-11-14 11:54:26 56 0 0 1947 1912 1043 23 122 ok
2022-11-14 11:54:24 56 0 0 1988 1953 1059 23 122 ok
2022-11-14 11:54:22 56 0 0 1962 1974 1059 22 122 ok
2022-11-14 11:54:20 56 0 0 1805 1734 1059 22 122 ok
2022-11-14 11:54:19 56 0 0 2062 1871 1043 21 122 ok
2022-11-14 11:54:17 56 0 0 2016 1864 1059 21 122 ok
2022-11-14 11:54:15 56 0 0 1975 1928 1043 20 122 ok
2022-11-14 11:54:13 56 0 0 1946 2036 995 20 122 ok
2022-11-14 11:54:09 56 0 0 1984 1926 1043 19 122 ok
2022-11-14 11:54:07 56 0 0 2061 1935 1043 19 122 ok
2022-11-14 11:54:03 56 0 0 2028 1946 1059 18 122 ok
2022-11-14 11:54:01 56 0 0 2105 1980 1059 18 122 ok
2022-11-14 11:54:00 56 0 0 1988 1889 1027 17 122 ok
2022-11-14 11:53:58 56 0 0 2083 1954 1043 17 122 ok
2022-11-14 11:53:56 56 0 0 1988 1869 1027 16 122 ok
2022-11-14 11:53:54 56 0 0 2085 1944 1043 16 122 ok
2022-11-14 11:53:52 56 0 0 2023 1897 1027 15 122 ok
2022-11-14 11:53:50 56 0 0 2073 1981 1043 15 122 ok
2022-11-14 11:53:49 56 0 0 2073 1872 1043 14 122 ok
2022-11-14 11:53:47 56 0 0 2102 1943 1059 14 122 ok
2022-11-14 11:53:45 56 0 0 2042 1997 1043 13 122 ok
2022-11-14 11:53:43 56 0 0 2038 1931 1043 13 122 ok
2022-11-14 11:53:41 56 0 0 2017 1927 1043 12 122 ok
2022-11-14 11:53:39 56 0 0 2074 2023 1043 12 122 ok
2022-11-14 11:53:38 56 0 0 1983 1907 1043 11 122 ok
2022-11-14 11:53:36 56 0 0 2022 1961 1043 11 122 ok
2022-11-14 11:53:34 56 0 0 1974 1914 1027 10 122 ok
2022-11-14 11:53:32 56 0 0 2142 1960 1059 10 122 ok
2022-11-14 11:53:30 56 0 0 2026 2027 1043 9 122 ok
2022-11-14 11:53:28 56 0 0 2035 2015 1043 9 122 ok
2022-11-14 11:53:27 56 0 0 1974 2045 1043 8 122 ok
2022-11-14 11:53:25 56 0 0 2017 2022 1043 8 122 ok
2022-11-14 11:53:23 56 0 0 2020 2047 1043 7 122 ok
2022-11-14 11:53:21 56 0 0 1993 2112 1043 7 122 ok
2022-11-14 11:53:19 56 0 0 2031 1931 1043 6 122 ok
2022-11-14 11:53:17 56 0 0 1992 2044 1027 6 122 ok
2022-11-14 11:53:16 56 0 0 2043 1945 1043 5 122 ok
2022-11-14 11:53:14 56 0 0 1999 1922 1043 5 122 ok
2022-11-14 11:53:13 56 0 0 2006 1913 1043 4 122 ok
2022-11-14 11:53:10 56 0 0 1996 1964 1027 4 122 ok
2022-11-14 11:53:08 56 0 0 1981 1909 1027 3 122 ok
2022-11-14 11:53:06 56 0 0 2015 1930 1043 3 122 ok
2022-11-14 11:53:05 56 0 0 1979 1939 1043 2 122 ok
2022-11-14 11:53:03 56 0 0 2004 2011 1043 2 122 ok
2022-11-14 11:53:01 56 0 0 2032 2062 1027 1 122 ok
2022-11-14 11:52:59 56 0 0 2041 1953 1027 1 122 ok
2022-11-14 11:52:57 56 0 0 2079 1979 1027 0 122 ok
2022-11-14 11:52:56 56 0 0 2032 1974 1043 0 122 ok
2022-11-14 11:52:37 56 0 0 2144 1977 3107 24 90 ok
2022-11-14 11:52:35 56 0 0 2059 1975 3075 23 90 ok
2022-11-14 11:52:33 56 0 0 2085 1996 3075 23 90 ok
2022-11-14 11:52:32 56 0 0 2076 1996 3107 22 90 ok
2022-11-14 11:52:30 56 0 0 2118 1990 3075 22 90 ok
2022-11-14 11:52:28 56 0 0 2112 1984 3075 21 90 ok
2022-11-14 11:52:26 56 0 0 2083 1999 3075 21 90 ok
2022-11-14 11:52:24 56 0 0 2107 1971 3075 20 90 ok
2022-11-14 11:52:22 56 0 0 2107 1980 3043 20 90 ok
2022-11-14 11:52:21 56 0 0 2073 2047 3107 19 90 ok
2022-11-14 11:52:19 56 0 0 2103 1987 3139 19 90 ok
2022-11-14 11:52:17 56 0 0 2009 1993 3075 18 90 ok
2022-11-14 11:52:15 56 0 0 2014 1984 3075 18 90 ok
2022-11-14 11:52:13 56 0 0 2006 2009 3107 17 90 ok
2022-11-14 11:52:12 56 0 0 2008 2003 3075 17 90 ok
2022-11-14 11:52:10 56 0 0 2009 2000 3075 16 90 ok
2022-11-14 11:52:08 56 0 0 1995 2011 3107 16 90 ok
2022-11-14 11:52:06 56 0 0 2012 2013 3075 15 90 ok
2022-11-14 11:52:04 56 0 0 2032 1972 3091 15 90 ok
2022-11-14 11:52:02 56 0 0 2016 1998 3091 14 90 ok
2022-11-14 11:52:01 56 0 0 2014 1982 3091 14 90 ok
2022-11-14 11:51:59 56 0 0 2100 1951 3075 13 90 ok
2022-11-14 11:51:57 56 0 0 2079 1984 3107 13 90 ok
2022-11-14 11:51:55 56 0 0 2045 2051 3075 12 90 ok
2022-11-14 11:51:53 56 0 0 2063 2035 3091 12 90 ok
2022-11-14 11:51:49 56 0 0 2014 2092 3075 11 90 ok
2022-11-14 11:51:47 56 0 0 2041 2087 3075 10 90 ok
2022-11-14 11:51:46 56 0 0 2012 2090 3075 10 90 ok
2022-11-14 11:51:44 56 0 0 2039 2076 3075 9 90 ok
2022-11-14 11:51:42 56 0 0 2051 2071 3091 9 90 ok
2022-11-14 11:51:40 56 0 0 2028 2053 3075 8 90 ok
2022-11-14 11:51:38 56 0 0 2039 2055 3091 8 90 ok
2022-11-14 11:51:36 56 0 0 2072 2060 3091 7 90 ok
2022-11-14 11:51:35 56 0 0 2069 2041 3107 7 90 ok
2022-11-14 11:51:31 56 0 0 2193 2112 3091 6 90 ok
2022-11-14 11:51:29 56 0 0 2140 2028 3075 6 90 ok
2022-11-14 11:51:27 56 0 0 2126 1947 3043 5 90 ok
2022-11-14 11:51:25 56 0 0 2054 2035 3027 5 90 ok
2022-11-14 11:51:21 56 0 0 2049 2051 3107 4 90 ok
2022-11-14 11:51:19 56 0 0 2052 2026 3091 3 90 ok
2022-11-14 11:51:17 56 0 0 2064 2019 3091 3 90 ok
2022-11-14 11:51:16 56 0 0 2046 2005 3075 2 90 ok
2022-11-14 11:51:14 56 0 0 2061 2018 3075 2 90 ok
2022-11-14 11:51:12 56 0 0 2015 1981 3059 1 90 ok
2022-11-14 11:51:10 56 0 0 2029 2006 3075 1 90 ok
2022-11-14 11:51:08 56 0 0 2032 2021 3075 0 90 ok
2022-11-14 11:51:06 56 0 0 2087 1928 3091 0 90 ok
2022-11-14 11:51:05 56 0 0 1019 2051 2051 24 120 ok
2022-11-14 11:49:58 56 0 0 1018 2076 2035 24 120 ok
2022-11-14 11:49:56 56 0 0 1014 2078 2035 23 120 ok
2022-11-14 11:49:55 56 0 0 1019 2054 2035 23 120 ok
2022-11-14 11:49:54 56 0 0 1044 2057 2019 22 120 ok
2022-11-14 11:49:51 56 0 0 1030 2052 2035 22 120 ok
2022-11-14 11:49:49 56 0 0 1004 2035 2051 21 120 ok
2022-11-14 11:49:47 56 0 0 1023 2092 2035 21 120 ok
2022-11-14 11:49:46 56 0 0 1018 2087 2035 20 120 ok
2022-11-14 11:49:44 56 0 0 1019 2092 2035 20 120 ok
2022-11-14 11:49:42 56 0 0 1021 2050 2035 19 120 ok
2022-11-14 11:49:40 56 0 0 1023 2100 2035 19 120 ok
2022-11-14 11:49:38 56 0 0 1020 2067 2051 18 120 ok
2022-11-14 11:49:36 56 0 0 1028 2050 2051 18 120 ok
2022-11-14 11:49:35 56 0 0 1020 2069 2035 17 120 ok
2022-11-14 11:49:33 56 0 0 1021 2084 2035 17 120 ok
2022-11-14 11:49:31 56 0 0 1015 2070 2051 16 120 ok
2022-11-14 11:49:29 56 0 0 1018 2100 2035 16 120 ok
2022-11-14 11:49:27 56 0 0 1021 2080 2051 15 120 ok
2022-11-14 11:49:25 56 0 0 1023 2068 2051 15 120 ok
2022-11-14 11:49:24 56 0 0 1028 2087 2035 14 120 ok
2022-11-14 11:49:22 56 0 0 1013 2087 2035 14 120 ok
2022-11-14 11:49:20 56 0 0 1024 2073 2035 13 120 ok
2022-11-14 11:49:18 56 0 0 1020 2101 2019 13 120 ok
2022-11-14 11:49:16 56 0 0 1023 2101 2019 12 120 ok
2022-11-14 11:49:14 56 0 0 1013 2116 2035 12 120 ok
2022-11-14 11:49:13 56 0 0 1011 2109 2035 11 120 ok
2022-11-14 11:49:11 56 0 0 1018 2084 2035 11 120 ok
2022-11-14 11:49:09 56 0 0 1021 2108 2035 10 120 ok
2022-11-14 11:49:07 56 0 0 1025 2111 2035 10 120 ok
2022-11-14 11:49:05 56 0 0 1040 2156 2019 9 120 ok
2022-11-14 11:49:03 56 0 0 1029 2110 2051 9 120 ok
2022-11-14 11:49:02 56 0 0 1024 2100 2051 8 120 ok
2022-11-14 11:49:00 56 0 0 1023 2106 2067 8 120 ok
2022-11-14 11:48:58 56 0 0 1024 2091 2083 7 120 ok
2022-11-14 11:48:56 56 0 0 1070 2070 2083 7 120 ok
2022-11-14 11:48:54 56 0 0 1015 2078 2115 6 120 ok
2022-11-14 11:48:53 56 0 0 990 2052 2051 6 120 ok
2022-11-14 11:48:51 56 0 0 1011 2180 2035 5 120 ok
2022-11-14 11:48:49 56 0 0 1029 2071 2051 5 120 ok
2022-11-14 11:48:47 56 0 0 1021 2092 2051 4 120 ok
2022-11-14 11:48:45 56 0 0 1028 2145 2035 4 120 ok
2022-11-14 11:48:43 56 0 0 1024 2064 2051 3 120 ok
2022-11-14 11:48:42 56 0 0 1011 2152 2051 3 120 ok
2022-11-14 11:48:40 56 0 0 995 2065 2083 2 120 ok
2022-11-14 11:48:38 56 0 0 1043 2118 2051 2 120 ok
2022-11-14 11:48:36 56 0 0 1026 2130 2051 1 120 ok
2022-11-14 11:48:34 56 0 0 1012 2079 2067 1 120 ok
2022-11-14 11:48:32 56 0 0 1018 2076 2067 0 120 ok
2022-11-14 11:48:31 56 0 0 1025 2051 2067 0 120 ok
2022-11-14 10:54:04 56 0 0 1915 1017 2003 23 121 ok
2022-11-14 10:54:02 56 0 0 1990 1017 2003 22 121 ok
2022-11-14 10:54:00 56 0 0 1981 1033 1987 19 121 ok
2022-11-14 10:53:58 56 0 0 1965 1017 1987 17 121 ok
2022-11-14 10:53:56 56 0 0 1941 1032 1987 15 121 ok
2022-11-14 10:53:54 56 0 0 1960 1024 1987 13 121 ok
2022-11-14 10:53:52 56 0 0 1986 997 1987 11 121 ok
2022-11-14 10:53:50 56 0 0 1988 1029 1987 9 121 ok
2022-11-14 10:53:48 56 0 0 1994 1031 1987 7 121 ok
2022-11-14 10:53:46 56 0 0 1949 1017 2003 6 121 ok
2022-11-14 10:53:12 56 0 0 1999 1042 2035 1 121 ok
